<?xml version="1.0" encoding="UTF-8"?>
<testsuite name="physicsq.app.MessageUtilsTest" tests="1" skipped="0" failures="0" errors="0" timestamp="2024-02-13T10:17:51" hostname="DESKTOP-917T36I" time="0.024">
  <properties/>
  <testcase name="testGetMessage()" classname="physicsq.app.MessageUtilsTest" time="0.024"/>
  <system-out><![CDATA[]]></system-out>
  <system-err><![CDATA[]]></system-err>
</testsuite>
